<?xml version="1.0" encoding="UTF-8"?>
<testsuite name="com.jmao.book.springboot.web.PostsApiControllerTest" tests="2" skipped="0" failures="0" errors="0" timestamp="2021-06-12T09:11:51" hostname="DESKTOP-PNQIKJT" time="0.048">
  <properties/>
  <testcase name="Posts_등록된다()" classname="com.jmao.book.springboot.web.PostsApiControllerTest" time="0.036"/>
  <testcase name="Posts_수정된다()" classname="com.jmao.book.springboot.web.PostsApiControllerTest" time="0.012"/>
  <system-out><![CDATA[2021-06-12 18:11:51.736  INFO 7808 --- [    Test worker] .b.t.c.SpringBootTestContextBootstrapper : Neither @ContextConfiguration nor @ContextHierarchy found for test class [com.jmao.book.springboot.web.PostsApiControllerTest], using SpringBootContextLoader
2021-06-12 18:11:51.736  INFO 7808 --- [    Test worker] o.s.t.c.support.AbstractContextLoader    : Could not detect default resource locations for test class [com.jmao.book.springboot.web.PostsApiControllerTest]: no resource found for suffixes {-context.xml, Context.groovy}.
2021-06-12 18:11:51.736  INFO 7808 --- [    Test worker] t.c.s.AnnotationConfigContextLoaderUtils : Could not detect default configuration classes for test class [com.jmao.book.springboot.web.PostsApiControllerTest]: PostsApiControllerTest does not declare any static, non-private, non-final, nested classes annotated with @Configuration.
2021-06-12 18:11:51.740  INFO 7808 --- [    Test worker] .b.t.c.SpringBootTestContextBootstrapper : Found @SpringBootConfiguration com.jmao.book.springboot.Application for test class com.jmao.book.springboot.web.PostsApiControllerTest
2021-06-12 18:11:51.741  INFO 7808 --- [    Test worker] .b.t.c.SpringBootTestContextBootstrapper : Loaded default TestExecutionListener class names from location [META-INF/spring.factories]: [org.springframework.security.test.context.support.WithSecurityContextTestExecutionListener, org.springframework.security.test.context.support.ReactorContextTestExecutionListener, org.springframework.boot.test.autoconfigure.restdocs.RestDocsTestExecutionListener, org.springframework.boot.test.autoconfigure.web.client.MockRestServiceServerResetTestExecutionListener, org.springframework.boot.test.autoconfigure.web.servlet.MockMvcPrintOnlyOnFailureTestExecutionListener, org.springframework.boot.test.autoconfigure.web.servlet.WebDriverTestExecutionListener, org.springframework.boot.test.autoconfigure.webservices.client.MockWebServiceServerTestExecutionListener, org.springframework.boot.test.mock.mockito.MockitoTestExecutionListener, org.springframework.boot.test.mock.mockito.ResetMocksTestExecutionListener, org.springframework.test.context.web.ServletTestExecutionListener, org.springframework.test.context.support.DirtiesContextBeforeModesTestExecutionListener, org.springframework.test.context.support.DependencyInjectionTestExecutionListener, org.springframework.test.context.support.DirtiesContextTestExecutionListener, org.springframework.test.context.transaction.TransactionalTestExecutionListener, org.springframework.test.context.jdbc.SqlScriptsTestExecutionListener, org.springframework.test.context.event.EventPublishingTestExecutionListener]
2021-06-12 18:11:51.741  INFO 7808 --- [    Test worker] .b.t.c.SpringBootTestContextBootstrapper : Using TestExecutionListeners: [org.springframework.test.context.web.ServletTestExecutionListener@1521b085, org.springframework.test.context.support.DirtiesContextBeforeModesTestExecutionListener@1b2b01f6, org.springframework.boot.test.mock.mockito.MockitoTestExecutionListener@3e24dc7, org.springframework.boot.test.autoconfigure.SpringBootDependencyInjectionTestExecutionListener@3f04ef25, org.springframework.test.context.support.DirtiesContextTestExecutionListener@2739d5d8, org.springframework.test.context.transaction.TransactionalTestExecutionListener@64de5478, org.springframework.test.context.jdbc.SqlScriptsTestExecutionListener@7543a151, org.springframework.security.test.context.support.WithSecurityContextTestExecutionListener@6d26151b, org.springframework.test.context.event.EventPublishingTestExecutionListener@4d89a72, org.springframework.security.test.context.support.ReactorContextTestExecutionListener@12337305, org.springframework.boot.test.autoconfigure.restdocs.RestDocsTestExecutionListener@7a12013b, org.springframework.boot.test.autoconfigure.web.client.MockRestServiceServerResetTestExecutionListener@27c15daf, org.springframework.boot.test.autoconfigure.web.servlet.MockMvcPrintOnlyOnFailureTestExecutionListener@670a482f, org.springframework.boot.test.autoconfigure.web.servlet.WebDriverTestExecutionListener@6ea8b490, org.springframework.boot.test.autoconfigure.webservices.client.MockWebServiceServerTestExecutionListener@4d97ba7, org.springframework.boot.test.mock.mockito.ResetMocksTestExecutionListener@295872b6]
2021-06-12 18:11:51.747  INFO 7808 --- [    Test worker] o.a.c.c.C.[Tomcat].[localhost].[/]       : Initializing Spring TestDispatcherServlet ''
2021-06-12 18:11:51.747  INFO 7808 --- [    Test worker] o.s.t.web.servlet.TestDispatcherServlet  : Initializing Servlet ''
2021-06-12 18:11:51.747  INFO 7808 --- [    Test worker] o.s.t.web.servlet.TestDispatcherServlet  : Completed initialization in 0 ms
Hibernate: insert into posts (created_date, modified_date, author, content, title) values (?, ?, ?, ?, ?)
Hibernate: select posts0_.id as id1_0_, posts0_.created_date as created_2_0_, posts0_.modified_date as modified3_0_, posts0_.author as author4_0_, posts0_.content as content5_0_, posts0_.title as title6_0_ from posts posts0_
Hibernate: select posts0_.id as id1_0_, posts0_.created_date as created_2_0_, posts0_.modified_date as modified3_0_, posts0_.author as author4_0_, posts0_.content as content5_0_, posts0_.title as title6_0_ from posts posts0_
Hibernate: delete from posts where id=?
2021-06-12 18:11:51.781  INFO 7808 --- [    Test worker] o.a.c.c.C.[Tomcat].[localhost].[/]       : Initializing Spring TestDispatcherServlet ''
2021-06-12 18:11:51.781  INFO 7808 --- [    Test worker] o.s.t.web.servlet.TestDispatcherServlet  : Initializing Servlet ''
2021-06-12 18:11:51.781  INFO 7808 --- [    Test worker] o.s.t.web.servlet.TestDispatcherServlet  : Completed initialization in 0 ms
Hibernate: insert into posts (created_date, modified_date, author, content, title) values (?, ?, ?, ?, ?)
Hibernate: select posts0_.id as id1_0_0_, posts0_.created_date as created_2_0_0_, posts0_.modified_date as modified3_0_0_, posts0_.author as author4_0_0_, posts0_.content as content5_0_0_, posts0_.title as title6_0_0_ from posts posts0_ where posts0_.id=?
Hibernate: update posts set created_date=?, modified_date=?, author=?, content=?, title=? where id=?
Hibernate: select posts0_.id as id1_0_, posts0_.created_date as created_2_0_, posts0_.modified_date as modified3_0_, posts0_.author as author4_0_, posts0_.content as content5_0_, posts0_.title as title6_0_ from posts posts0_
Hibernate: select posts0_.id as id1_0_, posts0_.created_date as created_2_0_, posts0_.modified_date as modified3_0_, posts0_.author as author4_0_, posts0_.content as content5_0_, posts0_.title as title6_0_ from posts posts0_
Hibernate: delete from posts where id=?
]]></system-out>
  <system-err><![CDATA[]]></system-err>
</testsuite>
