<?xml version="1.0" encoding="UTF-8"?>
<testsuite name="com.jmao.book.springboot.HelloControllerTest" tests="2" skipped="0" failures="0" errors="0" timestamp="2021-06-12T09:11:50" hostname="DESKTOP-PNQIKJT" time="0.082">
  <properties/>
  <testcase name="hello가_리턴된다()" classname="com.jmao.book.springboot.HelloControllerTest" time="0.041"/>
  <testcase name="helloDto가_리턴된다()" classname="com.jmao.book.springboot.HelloControllerTest" time="0.041"/>
  <system-out><![CDATA[2021-06-12 18:11:50.192  INFO 7808 --- [    Test worker] .b.t.a.w.s.WebMvcTestContextBootstrapper : Neither @ContextConfiguration nor @ContextHierarchy found for test class [com.jmao.book.springboot.HelloControllerTest], using SpringBootContextLoader
2021-06-12 18:11:50.192  INFO 7808 --- [    Test worker] o.s.t.c.support.AbstractContextLoader    : Could not detect default resource locations for test class [com.jmao.book.springboot.HelloControllerTest]: no resource found for suffixes {-context.xml, Context.groovy}.
2021-06-12 18:11:50.192  INFO 7808 --- [    Test worker] t.c.s.AnnotationConfigContextLoaderUtils : Could not detect default configuration classes for test class [com.jmao.book.springboot.HelloControllerTest]: HelloControllerTest does not declare any static, non-private, non-final, nested classes annotated with @Configuration.
2021-06-12 18:11:50.205  INFO 7808 --- [    Test worker] .b.t.c.SpringBootTestContextBootstrapper : Found @SpringBootConfiguration com.jmao.book.springboot.Application for test class com.jmao.book.springboot.HelloControllerTest
2021-06-12 18:11:50.206  INFO 7808 --- [    Test worker] .b.t.a.w.s.WebMvcTestContextBootstrapper : Loaded default TestExecutionListener class names from location [META-INF/spring.factories]: [org.springframework.security.test.context.support.WithSecurityContextTestExecutionListener, org.springframework.security.test.context.support.ReactorContextTestExecutionListener, org.springframework.boot.test.autoconfigure.restdocs.RestDocsTestExecutionListener, org.springframework.boot.test.autoconfigure.web.client.MockRestServiceServerResetTestExecutionListener, org.springframework.boot.test.autoconfigure.web.servlet.MockMvcPrintOnlyOnFailureTestExecutionListener, org.springframework.boot.test.autoconfigure.web.servlet.WebDriverTestExecutionListener, org.springframework.boot.test.autoconfigure.webservices.client.MockWebServiceServerTestExecutionListener, org.springframework.boot.test.mock.mockito.MockitoTestExecutionListener, org.springframework.boot.test.mock.mockito.ResetMocksTestExecutionListener, org.springframework.test.context.web.ServletTestExecutionListener, org.springframework.test.context.support.DirtiesContextBeforeModesTestExecutionListener, org.springframework.test.context.support.DependencyInjectionTestExecutionListener, org.springframework.test.context.support.DirtiesContextTestExecutionListener, org.springframework.test.context.transaction.TransactionalTestExecutionListener, org.springframework.test.context.jdbc.SqlScriptsTestExecutionListener, org.springframework.test.context.event.EventPublishingTestExecutionListener]
2021-06-12 18:11:50.207  INFO 7808 --- [    Test worker] .b.t.a.w.s.WebMvcTestContextBootstrapper : Using TestExecutionListeners: [org.springframework.test.context.web.ServletTestExecutionListener@585538, org.springframework.test.context.support.DirtiesContextBeforeModesTestExecutionListener@7d0b8f9, org.springframework.boot.test.mock.mockito.MockitoTestExecutionListener@2034502b, org.springframework.boot.test.autoconfigure.SpringBootDependencyInjectionTestExecutionListener@11c77b50, org.springframework.test.context.support.DirtiesContextTestExecutionListener@53741dc5, org.springframework.test.context.transaction.TransactionalTestExecutionListener@51e17022, org.springframework.test.context.jdbc.SqlScriptsTestExecutionListener@5356d73d, org.springframework.security.test.context.support.WithSecurityContextTestExecutionListener@79612bfc, org.springframework.test.context.event.EventPublishingTestExecutionListener@a089b20, org.springframework.security.test.context.support.ReactorContextTestExecutionListener@50b29a23, org.springframework.boot.test.autoconfigure.restdocs.RestDocsTestExecutionListener@35385037, org.springframework.boot.test.autoconfigure.web.client.MockRestServiceServerResetTestExecutionListener@45f6b3a7, org.springframework.boot.test.autoconfigure.web.servlet.MockMvcPrintOnlyOnFailureTestExecutionListener@b69f1a2, org.springframework.boot.test.autoconfigure.web.servlet.WebDriverTestExecutionListener@4f4e116e, org.springframework.boot.test.autoconfigure.webservices.client.MockWebServiceServerTestExecutionListener@38804958, org.springframework.boot.test.mock.mockito.ResetMocksTestExecutionListener@481bae64]

  .   ____          _            __ _ _
 /\\ / ___'_ __ _ _(_)_ __  __ _ \ \ \ \
( ( )\___ | '_ | '_| | '_ \/ _` | \ \ \ \
 \\/  ___)| |_)| | | | | || (_| |  ) ) ) )
  '  |____| .__|_| |_|_| |_\__, | / / / /
 =========|_|==============|___/=/_/_/_/
 :: Spring Boot ::                (v2.4.1)

2021-06-12 18:11:50.222  INFO 7808 --- [    Test worker] c.j.book.springboot.HelloControllerTest  : Starting HelloControllerTest using Java 15.0.3 on DESKTOP-PNQIKJT with PID 7808 (started by jeon in C:\Users\jeon\Documents\intelliJworkSpace\springboot_webservice_book)
2021-06-12 18:11:50.222  INFO 7808 --- [    Test worker] c.j.book.springboot.HelloControllerTest  : The following profiles are active: oauth
2021-06-12 18:11:50.399  INFO 7808 --- [    Test worker] o.s.s.concurrent.ThreadPoolTaskExecutor  : Initializing ExecutorService 'applicationTaskExecutor'
2021-06-12 18:11:50.419  INFO 7808 --- [    Test worker] o.s.b.a.w.s.WelcomePageHandlerMapping    : Adding welcome page template: index
2021-06-12 18:11:50.566  INFO 7808 --- [    Test worker] o.s.s.web.DefaultSecurityFilterChain     : Will secure any request with [org.springframework.security.web.context.request.async.WebAsyncManagerIntegrationFilter@3deaa6f9, org.springframework.security.web.context.SecurityContextPersistenceFilter@3a759d15, org.springframework.security.web.header.HeaderWriterFilter@489938f1, org.springframework.security.web.csrf.CsrfFilter@6ae39d56, org.springframework.security.web.authentication.logout.LogoutFilter@43caf984, org.springframework.security.oauth2.client.web.OAuth2AuthorizationRequestRedirectFilter@2dfbb4a1, org.springframework.security.oauth2.client.web.OAuth2AuthorizationRequestRedirectFilter@2ff36a4c, org.springframework.security.oauth2.client.web.OAuth2LoginAuthenticationFilter@108ad1d9, org.springframework.security.web.authentication.ui.DefaultLoginPageGeneratingFilter@4f68e276, org.springframework.security.web.authentication.ui.DefaultLogoutPageGeneratingFilter@496cb6e, org.springframework.security.web.savedrequest.RequestCacheAwareFilter@34c70d36, org.springframework.security.web.servletapi.SecurityContextHolderAwareRequestFilter@3598e5ef, org.springframework.security.web.authentication.AnonymousAuthenticationFilter@6b618752, org.springframework.security.oauth2.client.web.OAuth2AuthorizationCodeGrantFilter@3aeb9cb, org.springframework.security.web.session.SessionManagementFilter@7c739951, org.springframework.security.web.access.ExceptionTranslationFilter@3e661b46, org.springframework.security.web.access.intercept.FilterSecurityInterceptor@7e0a1000]
2021-06-12 18:11:50.611  INFO 7808 --- [    Test worker] o.s.b.t.m.w.SpringBootMockServletContext : Initializing Spring TestDispatcherServlet ''
2021-06-12 18:11:50.611  INFO 7808 --- [    Test worker] o.s.t.web.servlet.TestDispatcherServlet  : Initializing Servlet ''
2021-06-12 18:11:50.611  INFO 7808 --- [    Test worker] o.s.t.web.servlet.TestDispatcherServlet  : Completed initialization in 0 ms
2021-06-12 18:11:50.618  INFO 7808 --- [    Test worker] c.j.book.springboot.HelloControllerTest  : Started HelloControllerTest in 0.41 seconds (JVM running for 4.244)
]]></system-out>
  <system-err><![CDATA[]]></system-err>
</testsuite>
